This file contains any messages produced by compilers while
running configure, to aid debugging if configure makes a mistake.

It was created by QuantExt configure 1.8.3, which was
generated by GNU Autoconf 2.69.  Invocation command line was

  $ ./configure 

## --------- ##
## Platform. ##
## --------- ##

hostname = dev.matlogica.com
uname -m = x86_64
uname -r = 5.4.0-42-generic
uname -s = Linux
uname -v = #46-Ubuntu SMP Fri Jul 10 00:24:02 UTC 2020

/usr/bin/uname -p = x86_64
/bin/uname -X     = unknown

/bin/arch              = x86_64
/usr/bin/arch -k       = unknown
/usr/convex/getsysinfo = unknown
/usr/bin/hostinfo      = unknown
/bin/machine           = unknown
/usr/bin/oslevel       = unknown
/bin/universe          = unknown

PATH: /home/alexrocrod/.vscode-server/bin/2b9aebd5354a3629c3aba0a5f5df49f43d6689f8/bin
PATH: /home/alexrocrod/.local/bin
PATH: /home/alexrocrod/.vscode-server/bin/2b9aebd5354a3629c3aba0a5f5df49f43d6689f8/bin
PATH: /usr/local/sbin
PATH: /usr/local/bin
PATH: /usr/sbin
PATH: /usr/bin
PATH: /sbin
PATH: /bin
PATH: /usr/games
PATH: /usr/local/games
PATH: /snap/bin
PATH: /home/alexrocrod/.dotnet/tools


## ----------- ##
## Core tests. ##
## ----------- ##

configure:2416: checking for a BSD-compatible install
configure:2484: result: /usr/bin/install -c
configure:2495: checking whether build environment is sane
configure:2550: result: yes
configure:2699: checking for a thread-safe mkdir -p
configure:2738: result: /usr/bin/mkdir -p
configure:2745: checking for gawk
configure:2761: found /usr/bin/gawk
configure:2772: result: gawk
configure:2783: checking whether make sets $(MAKE)
configure:2805: result: yes
configure:2834: checking whether make supports nested variables
configure:2851: result: yes
configure:2985: checking for gawk
configure:3012: result: gawk
configure:3141: checking for gcc
configure:3157: found /usr/bin/gcc
configure:3168: result: gcc
configure:3397: checking for C compiler version
configure:3406: gcc --version >&5
gcc (Ubuntu 9.3.0-10ubuntu2) 9.3.0
Copyright (C) 2019 Free Software Foundation, Inc.
This is free software; see the source for copying conditions.  There is NO
warranty; not even for MERCHANTABILITY or FITNESS FOR A PARTICULAR PURPOSE.

configure:3417: $? = 0
configure:3406: gcc -v >&5
Using built-in specs.
COLLECT_GCC=gcc
COLLECT_LTO_WRAPPER=/usr/lib/gcc/x86_64-linux-gnu/9/lto-wrapper
OFFLOAD_TARGET_NAMES=nvptx-none:hsa
OFFLOAD_TARGET_DEFAULT=1
Target: x86_64-linux-gnu
Configured with: ../src/configure -v --with-pkgversion='Ubuntu 9.3.0-10ubuntu2' --with-bugurl=file:///usr/share/doc/gcc-9/README.Bugs --enable-languages=c,ada,c++,go,brig,d,fortran,objc,obj-c++,gm2 --prefix=/usr --with-gcc-major-version-only --program-suffix=-9 --program-prefix=x86_64-linux-gnu- --enable-shared --enable-linker-build-id --libexecdir=/usr/lib --without-included-gettext --enable-threads=posix --libdir=/usr/lib --enable-nls --enable-clocale=gnu --enable-libstdcxx-debug --enable-libstdcxx-time=yes --with-default-libstdcxx-abi=new --enable-gnu-unique-object --disable-vtable-verify --enable-plugin --enable-default-pie --with-system-zlib --with-target-system-zlib=auto --enable-objc-gc=auto --enable-multiarch --disable-werror --with-arch-32=i686 --with-abi=m64 --with-multilib-list=m32,m64,mx32 --enable-multilib --with-tune=generic --enable-offload-targets=nvptx-none,hsa --without-cuda-driver --enable-checking=release --build=x86_64-linux-gnu --host=x86_64-linux-gnu --target=x86_64-linux-gnu
Thread model: posix
gcc version 9.3.0 (Ubuntu 9.3.0-10ubuntu2) 
configure:3417: $? = 0
configure:3406: gcc -V >&5
gcc: error: unrecognized command line option '-V'
gcc: fatal error: no input files
compilation terminated.
configure:3417: $? = 1
configure:3406: gcc -qversion >&5
gcc: error: unrecognized command line option '-qversion'; did you mean '--version'?
gcc: fatal error: no input files
compilation terminated.
configure:3417: $? = 1
configure:3437: checking whether the C compiler works
configure:3459: gcc   -I/home/alexrocrod/projeto/ORE-v1841-AADC/QuantLib  -L/home/alexrocrod/projeto/ORE-v1841-AADC/QuantLib/ql/.libs conftest.c  >&5
configure:3463: $? = 0
configure:3511: result: yes
configure:3514: checking for C compiler default output file name
configure:3516: result: a.out
configure:3522: checking for suffix of executables
configure:3529: gcc -o conftest   -I/home/alexrocrod/projeto/ORE-v1841-AADC/QuantLib  -L/home/alexrocrod/projeto/ORE-v1841-AADC/QuantLib/ql/.libs conftest.c  >&5
configure:3533: $? = 0
configure:3555: result: 
configure:3577: checking whether we are cross compiling
configure:3585: gcc -o conftest   -I/home/alexrocrod/projeto/ORE-v1841-AADC/QuantLib  -L/home/alexrocrod/projeto/ORE-v1841-AADC/QuantLib/ql/.libs conftest.c  >&5
configure:3589: $? = 0
configure:3596: ./conftest
configure:3600: $? = 0
configure:3588: result: no
configure:3593: checking for suffix of object files
configure:3615: gcc -c   -I/home/alexrocrod/projeto/ORE-v1841-AADC/QuantLib conftest.c >&5
configure:3619: $? = 0
configure:3640: result: o
configure:3644: checking whether we are using the GNU C compiler
configure:3663: gcc -c   -I/home/alexrocrod/projeto/ORE-v1841-AADC/QuantLib conftest.c >&5
configure:3663: $? = 0
configure:3672: result: yes
configure:3681: checking whether gcc accepts -g
configure:3701: gcc -c -g  -I/home/alexrocrod/projeto/ORE-v1841-AADC/QuantLib conftest.c >&5
configure:3701: $? = 0
configure:3742: result: yes
configure:3759: checking for gcc option to accept ISO C89
configure:3822: gcc  -c -g -O2  -I/home/alexrocrod/projeto/ORE-v1841-AADC/QuantLib conftest.c >&5
configure:3822: $? = 0
configure:3835: result: none needed
configure:3860: checking whether gcc understands -c and -o together
configure:3882: gcc -c conftest.c -o conftest2.o
configure:3885: $? = 0
configure:3882: gcc -c conftest.c -o conftest2.o
configure:3885: $? = 0
configure:3897: result: yes
configure:3917: checking whether make supports the include directive
configure:3932: make -f confmf.GNU && cat confinc.out
this is the am__doit target
configure:3935: $? = 0
configure:3954: result: yes (GNU style)
configure:3979: checking dependency style of gcc
configure:4090: result: gcc3
configure:4163: checking for g++
configure:4179: found /usr/bin/g++
configure:4190: result: g++
configure:4217: checking for C++ compiler version
configure:4226: g++ --version >&5
g++ (Ubuntu 9.3.0-10ubuntu2) 9.3.0
Copyright (C) 2019 Free Software Foundation, Inc.
This is free software; see the source for copying conditions.  There is NO
warranty; not even for MERCHANTABILITY or FITNESS FOR A PARTICULAR PURPOSE.

configure:4237: $? = 0
configure:4226: g++ -v >&5
Using built-in specs.
COLLECT_GCC=g++
COLLECT_LTO_WRAPPER=/usr/lib/gcc/x86_64-linux-gnu/9/lto-wrapper
OFFLOAD_TARGET_NAMES=nvptx-none:hsa
OFFLOAD_TARGET_DEFAULT=1
Target: x86_64-linux-gnu
Configured with: ../src/configure -v --with-pkgversion='Ubuntu 9.3.0-10ubuntu2' --with-bugurl=file:///usr/share/doc/gcc-9/README.Bugs --enable-languages=c,ada,c++,go,brig,d,fortran,objc,obj-c++,gm2 --prefix=/usr --with-gcc-major-version-only --program-suffix=-9 --program-prefix=x86_64-linux-gnu- --enable-shared --enable-linker-build-id --libexecdir=/usr/lib --without-included-gettext --enable-threads=posix --libdir=/usr/lib --enable-nls --enable-clocale=gnu --enable-libstdcxx-debug --enable-libstdcxx-time=yes --with-default-libstdcxx-abi=new --enable-gnu-unique-object --disable-vtable-verify --enable-plugin --enable-default-pie --with-system-zlib --with-target-system-zlib=auto --enable-objc-gc=auto --enable-multiarch --disable-werror --with-arch-32=i686 --with-abi=m64 --with-multilib-list=m32,m64,mx32 --enable-multilib --with-tune=generic --enable-offload-targets=nvptx-none,hsa --without-cuda-driver --enable-checking=release --build=x86_64-linux-gnu --host=x86_64-linux-gnu --target=x86_64-linux-gnu
Thread model: posix
gcc version 9.3.0 (Ubuntu 9.3.0-10ubuntu2) 
configure:4237: $? = 0
configure:4226: g++ -V >&5
g++: error: unrecognized command line option '-V'
g++: fatal error: no input files
compilation terminated.
configure:4237: $? = 1
configure:4226: g++ -qversion >&5
g++: error: unrecognized command line option '-qversion'; did you mean '--version'?
g++: fatal error: no input files
compilation terminated.
configure:4237: $? = 1
configure:4241: checking whether we are using the GNU C++ compiler
configure:4260: g++ -c -g -O2 -Wall -std=c++11  -I/home/alexrocrod/projeto/ORE-v1841-AADC/QuantLib conftest.cpp >&5
configure:4260: $? = 0
configure:4269: result: yes
configure:4278: checking whether g++ accepts -g
configure:4298: g++ -c -g  -I/home/alexrocrod/projeto/ORE-v1841-AADC/QuantLib conftest.cpp >&5
configure:4298: $? = 0
configure:4339: result: yes
configure:4364: checking dependency style of g++
configure:4475: result: gcc3
configure:4495: checking how to run the C preprocessor
configure:4526: gcc -E  -I/home/alexrocrod/projeto/ORE-v1841-AADC/QuantLib conftest.c
configure:4526: $? = 0
configure:4540: gcc -E  -I/home/alexrocrod/projeto/ORE-v1841-AADC/QuantLib conftest.c
conftest.c:11:10: fatal error: ac_nonexistent.h: No such file or directory
   11 | #include <ac_nonexistent.h>
      |          ^~~~~~~~~~~~~~~~~~
compilation terminated.
configure:4540: $? = 1
configure: failed program was:
| /* confdefs.h */
| #define PACKAGE_NAME "QuantExt"
| #define PACKAGE_TARNAME "QuantExt"
| #define PACKAGE_VERSION "1.8.3"
| #define PACKAGE_STRING "QuantExt 1.8.3"
| #define PACKAGE_BUGREPORT "opensourcerisk.org/forum"
| #define PACKAGE_URL ""
| #define PACKAGE "QuantExt"
| #define VERSION "1.8.3"
| /* end confdefs.h.  */
| #include <ac_nonexistent.h>
configure:4565: result: gcc -E
configure:4585: gcc -E  -I/home/alexrocrod/projeto/ORE-v1841-AADC/QuantLib conftest.c
configure:4585: $? = 0
configure:4599: gcc -E  -I/home/alexrocrod/projeto/ORE-v1841-AADC/QuantLib conftest.c
conftest.c:11:10: fatal error: ac_nonexistent.h: No such file or directory
   11 | #include <ac_nonexistent.h>
      |          ^~~~~~~~~~~~~~~~~~
compilation terminated.
configure:4599: $? = 1
configure: failed program was:
| /* confdefs.h */
| #define PACKAGE_NAME "QuantExt"
| #define PACKAGE_TARNAME "QuantExt"
| #define PACKAGE_VERSION "1.8.3"
| #define PACKAGE_STRING "QuantExt 1.8.3"
| #define PACKAGE_BUGREPORT "opensourcerisk.org/forum"
| #define PACKAGE_URL ""
| #define PACKAGE "QuantExt"
| #define VERSION "1.8.3"
| /* end confdefs.h.  */
| #include <ac_nonexistent.h>
configure:4656: checking build system type
configure:4670: result: x86_64-pc-linux-gnu
configure:4690: checking host system type
configure:4703: result: x86_64-pc-linux-gnu
configure:4744: checking how to print strings
configure:4771: result: printf
configure:4792: checking for a sed that does not truncate output
configure:4856: result: /usr/bin/sed
configure:4874: checking for grep that handles long lines and -e
configure:4932: result: /usr/bin/grep
configure:4937: checking for egrep
configure:4999: result: /usr/bin/grep -E
configure:5004: checking for fgrep
configure:5066: result: /usr/bin/grep -F
configure:5101: checking for ld used by gcc
configure:5168: result: /usr/bin/ld
configure:5175: checking if the linker (/usr/bin/ld) is GNU ld
configure:5190: result: yes
configure:5202: checking for BSD- or MS-compatible name lister (nm)
configure:5256: result: /usr/bin/nm -B
configure:5386: checking the name lister (/usr/bin/nm -B) interface
configure:5393: gcc -c -g -O2  -I/home/alexrocrod/projeto/ORE-v1841-AADC/QuantLib conftest.c >&5
configure:5396: /usr/bin/nm -B "conftest.o"
configure:5399: output
0000000000000000 B some_variable
configure:5400: result: BSD nm
configure:5403: checking whether ln -s works
configure:5407: result: yes
configure:5415: checking the maximum length of command line arguments
configure:5546: result: 1572864
configure:5594: checking how to convert x86_64-pc-linux-gnu file names to x86_64-pc-linux-gnu format
configure:5634: result: func_convert_file_noop
configure:5641: checking how to convert x86_64-pc-linux-gnu file names to toolchain format
configure:5661: result: func_convert_file_noop
configure:5668: checking for /usr/bin/ld option to reload object files
configure:5675: result: -r
configure:5749: checking for objdump
configure:5765: found /usr/bin/objdump
configure:5776: result: objdump
configure:5808: checking how to recognize dependent libraries
configure:6008: result: pass_all
configure:6093: checking for dlltool
configure:6123: result: no
configure:6153: checking how to associate runtime and link libraries
configure:6180: result: printf %s\n
configure:6241: checking for ar
configure:6257: found /usr/bin/ar
configure:6268: result: ar
configure:6305: checking for archiver @FILE support
configure:6322: gcc -c -g -O2  -I/home/alexrocrod/projeto/ORE-v1841-AADC/QuantLib conftest.c >&5
configure:6322: $? = 0
configure:6325: ar cr libconftest.a @conftest.lst >&5
configure:6328: $? = 0
configure:6333: ar cr libconftest.a @conftest.lst >&5
ar: conftest.o: No such file or directory
configure:6336: $? = 1
configure:6335: result: @
configure:6393: checking for strip
configure:6409: found /usr/bin/strip
configure:6420: result: strip
configure:6492: checking for ranlib
configure:6508: found /usr/bin/ranlib
configure:6519: result: ranlib
configure:6621: checking command to parse /usr/bin/nm -B output from gcc object
configure:6774: gcc -c -g -O2  -I/home/alexrocrod/projeto/ORE-v1841-AADC/QuantLib conftest.c >&5
configure:6777: $? = 0
configure:6781: /usr/bin/nm -B conftest.o | sed -n -e 's/^.*[	 ]\([ABCDGIRSTW][ABCDGIRSTW]*\)[	 ][	 ]*\([_A-Za-z][_A-Za-z0-9]*\)$/\1 \2 \2/p' | sed '/ __gnu_lto/d' > conftest.nm
configure:6847: gcc -o conftest -g -O2  -I/home/alexrocrod/projeto/ORE-v1841-AADC/QuantLib  -L/home/alexrocrod/projeto/ORE-v1841-AADC/QuantLib/ql/.libs conftest.c conftstm.o >&5
configure:6850: $? = 0
configure:6888: result: ok
configure:6935: checking for sysroot
configure:6965: result: no
configure:6972: checking for a working dd
configure:7010: result: /usr/bin/dd
configure:7014: checking how to truncate binary pipes
configure:7029: result: /usr/bin/dd bs=4096 count=1
configure:7165: gcc -c -g -O2  -I/home/alexrocrod/projeto/ORE-v1841-AADC/QuantLib conftest.c >&5
configure:7168: $? = 0
configure:7358: checking for mt
configure:7374: found /usr/bin/mt
configure:7385: result: mt
configure:7408: checking if mt is a manifest tool
configure:7414: mt '-?'
configure:7422: result: no
configure:8095: checking for ANSI C header files
configure:8115: gcc -c -g -O2  -I/home/alexrocrod/projeto/ORE-v1841-AADC/QuantLib conftest.c >&5
configure:8115: $? = 0
configure:8188: gcc -o conftest -g -O2  -I/home/alexrocrod/projeto/ORE-v1841-AADC/QuantLib  -L/home/alexrocrod/projeto/ORE-v1841-AADC/QuantLib/ql/.libs conftest.c  >&5
configure:8188: $? = 0
configure:8188: ./conftest
configure:8188: $? = 0
configure:8199: result: yes
configure:8212: checking for sys/types.h
configure:8212: gcc -c -g -O2  -I/home/alexrocrod/projeto/ORE-v1841-AADC/QuantLib conftest.c >&5
configure:8212: $? = 0
configure:8212: result: yes
configure:8212: checking for sys/stat.h
configure:8212: gcc -c -g -O2  -I/home/alexrocrod/projeto/ORE-v1841-AADC/QuantLib conftest.c >&5
configure:8212: $? = 0
configure:8212: result: yes
configure:8212: checking for stdlib.h
configure:8212: gcc -c -g -O2  -I/home/alexrocrod/projeto/ORE-v1841-AADC/QuantLib conftest.c >&5
configure:8212: $? = 0
configure:8212: result: yes
configure:8212: checking for string.h
configure:8212: gcc -c -g -O2  -I/home/alexrocrod/projeto/ORE-v1841-AADC/QuantLib conftest.c >&5
configure:8212: $? = 0
configure:8212: result: yes
configure:8212: checking for memory.h
configure:8212: gcc -c -g -O2  -I/home/alexrocrod/projeto/ORE-v1841-AADC/QuantLib conftest.c >&5
configure:8212: $? = 0
configure:8212: result: yes
configure:8212: checking for strings.h
configure:8212: gcc -c -g -O2  -I/home/alexrocrod/projeto/ORE-v1841-AADC/QuantLib conftest.c >&5
configure:8212: $? = 0
configure:8212: result: yes
configure:8212: checking for inttypes.h
configure:8212: gcc -c -g -O2  -I/home/alexrocrod/projeto/ORE-v1841-AADC/QuantLib conftest.c >&5
configure:8212: $? = 0
configure:8212: result: yes
configure:8212: checking for stdint.h
configure:8212: gcc -c -g -O2  -I/home/alexrocrod/projeto/ORE-v1841-AADC/QuantLib conftest.c >&5
configure:8212: $? = 0
configure:8212: result: yes
configure:8212: checking for unistd.h
configure:8212: gcc -c -g -O2  -I/home/alexrocrod/projeto/ORE-v1841-AADC/QuantLib conftest.c >&5
configure:8212: $? = 0
configure:8212: result: yes
configure:8226: checking for dlfcn.h
configure:8226: gcc -c -g -O2  -I/home/alexrocrod/projeto/ORE-v1841-AADC/QuantLib conftest.c >&5
configure:8226: $? = 0
configure:8226: result: yes
configure:8493: checking for objdir
configure:8508: result: .libs
configure:8772: checking if gcc supports -fno-rtti -fno-exceptions
configure:8790: gcc -c -g -O2  -I/home/alexrocrod/projeto/ORE-v1841-AADC/QuantLib -fno-rtti -fno-exceptions conftest.c >&5
cc1: warning: command line option '-fno-rtti' is valid for C++/D/ObjC++ but not for C
configure:8794: $? = 0
configure:8807: result: no
configure:9171: checking for gcc option to produce PIC
configure:9178: result: -fPIC -DPIC
configure:9186: checking if gcc PIC flag -fPIC -DPIC works
configure:9204: gcc -c -g -O2  -I/home/alexrocrod/projeto/ORE-v1841-AADC/QuantLib -fPIC -DPIC -DPIC conftest.c >&5
configure:9208: $? = 0
configure:9221: result: yes
configure:9250: checking if gcc static flag -static works
configure:9278: result: yes
configure:9293: checking if gcc supports -c -o file.o
configure:9314: gcc -c -g -O2  -I/home/alexrocrod/projeto/ORE-v1841-AADC/QuantLib -o out/conftest2.o conftest.c >&5
configure:9318: $? = 0
configure:9340: result: yes
configure:9348: checking if gcc supports -c -o file.o
configure:9395: result: yes
configure:9428: checking whether the gcc linker (/usr/bin/ld -m elf_x86_64) supports shared libraries
configure:10691: result: yes
configure:10728: checking whether -lc should be explicitly linked in
configure:10736: gcc -c -g -O2  -I/home/alexrocrod/projeto/ORE-v1841-AADC/QuantLib conftest.c >&5
configure:10739: $? = 0
configure:10754: gcc -shared  -fPIC -DPIC conftest.o  -v -Wl,-soname -Wl,conftest -o conftest 2\>\&1 \| /usr/bin/grep  -lc  \>/dev/null 2\>\&1
configure:10757: $? = 0
configure:10771: result: no
configure:10931: checking dynamic linker characteristics
configure:11512: gcc -o conftest -g -O2  -I/home/alexrocrod/projeto/ORE-v1841-AADC/QuantLib  -L/home/alexrocrod/projeto/ORE-v1841-AADC/QuantLib/ql/.libs -Wl,-rpath -Wl,/foo conftest.c  >&5
configure:11512: $? = 0
configure:11761: result: GNU/Linux ld.so
configure:11883: checking how to hardcode library paths into programs
configure:11908: result: immediate
configure:12456: checking whether stripping libraries is possible
configure:12461: result: yes
configure:12496: checking if libtool supports shared libraries
configure:12498: result: yes
configure:12501: checking whether to build shared libraries
configure:12526: result: yes
configure:12529: checking whether to build static libraries
configure:12533: result: yes
configure:9332: checking how to run the C++ preprocessor
configure:9359: g++ -E  -I/home/alexrocrod/projeto/ORE-v1841-AADC/QuantLib conftest.cpp
configure:9359: $? = 0
configure:9373: g++ -E  -I/home/alexrocrod/projeto/ORE-v1841-AADC/QuantLib conftest.cpp
conftest.cpp:23:10: fatal error: ac_nonexistent.h: No such file or directory
   23 | #include <ac_nonexistent.h>
      |          ^~~~~~~~~~~~~~~~~~
compilation terminated.
configure:9373: $? = 1
configure: failed program was:
| /* confdefs.h */
| #define PACKAGE_NAME "QuantExt"
| #define PACKAGE_TARNAME "QuantExt"
| #define PACKAGE_VERSION "1.8.3"
| #define PACKAGE_STRING "QuantExt 1.8.3"
| #define PACKAGE_BUGREPORT "opensourcerisk.org/forum"
| #define PACKAGE_URL ""
| #define PACKAGE "QuantExt"
| #define VERSION "1.8.3"
| #define STDC_HEADERS 1
| #define HAVE_SYS_TYPES_H 1
| #define HAVE_SYS_STAT_H 1
| #define HAVE_STDLIB_H 1
| #define HAVE_STRING_H 1
| #define HAVE_MEMORY_H 1
| #define HAVE_STRINGS_H 1
| #define HAVE_INTTYPES_H 1
| #define HAVE_STDINT_H 1
| #define HAVE_UNISTD_H 1
| #define HAVE_DLFCN_H 1
| #define LT_OBJDIR ".libs/"
| /* end confdefs.h.  */
| #include <ac_nonexistent.h>
configure:9398: result: g++ -E
configure:9418: g++ -E  -I/home/alexrocrod/projeto/ORE-v1841-AADC/QuantLib conftest.cpp
configure:9418: $? = 0
configure:9432: g++ -E  -I/home/alexrocrod/projeto/ORE-v1841-AADC/QuantLib conftest.cpp
conftest.cpp:23:10: fatal error: ac_nonexistent.h: No such file or directory
   23 | #include <ac_nonexistent.h>
      |          ^~~~~~~~~~~~~~~~~~
compilation terminated.
configure:9432: $? = 1
configure: failed program was:
| /* confdefs.h */
| #define PACKAGE_NAME "QuantExt"
| #define PACKAGE_TARNAME "QuantExt"
| #define PACKAGE_VERSION "1.8.3"
| #define PACKAGE_STRING "QuantExt 1.8.3"
| #define PACKAGE_BUGREPORT "opensourcerisk.org/forum"
| #define PACKAGE_URL ""
| #define PACKAGE "QuantExt"
| #define VERSION "1.8.3"
| #define STDC_HEADERS 1
| #define HAVE_SYS_TYPES_H 1
| #define HAVE_SYS_STAT_H 1
| #define HAVE_STDLIB_H 1
| #define HAVE_STRING_H 1
| #define HAVE_MEMORY_H 1
| #define HAVE_STRINGS_H 1
| #define HAVE_INTTYPES_H 1
| #define HAVE_STDINT_H 1
| #define HAVE_UNISTD_H 1
| #define HAVE_DLFCN_H 1
| #define LT_OBJDIR ".libs/"
| /* end confdefs.h.  */
| #include <ac_nonexistent.h>
configure:9594: checking for ld used by g++
configure:9661: result: /usr/bin/ld -m elf_x86_64
configure:9668: checking if the linker (/usr/bin/ld -m elf_x86_64) is GNU ld
configure:9683: result: yes
configure:9738: checking whether the g++ linker (/usr/bin/ld -m elf_x86_64) supports shared libraries
configure:10811: result: yes
configure:10847: g++ -c -g -O2 -Wall -std=c++11  -I/home/alexrocrod/projeto/ORE-v1841-AADC/QuantLib conftest.cpp >&5
configure:10850: $? = 0
configure:11331: checking for g++ option to produce PIC
configure:11338: result: -fPIC -DPIC
configure:11346: checking if g++ PIC flag -fPIC -DPIC works
configure:11364: g++ -c -g -O2 -Wall -std=c++11  -I/home/alexrocrod/projeto/ORE-v1841-AADC/QuantLib -fPIC -DPIC -DPIC conftest.cpp >&5
configure:11368: $? = 0
configure:11381: result: yes
configure:11404: checking if g++ static flag -static works
configure:11432: result: yes
configure:11444: checking if g++ supports -c -o file.o
configure:11465: g++ -c -g -O2 -Wall -std=c++11  -I/home/alexrocrod/projeto/ORE-v1841-AADC/QuantLib -o out/conftest2.o conftest.cpp >&5
configure:11469: $? = 0
configure:11491: result: yes
configure:11496: checking if g++ supports -c -o file.o
configure:11543: result: yes
configure:11573: checking whether the g++ linker (/usr/bin/ld -m elf_x86_64) supports shared libraries
configure:11616: result: yes
configure:11757: checking dynamic linker characteristics
configure:12514: result: GNU/Linux ld.so
configure:12579: checking how to hardcode library paths into programs
configure:12604: result: immediate
configure:11593: checking for asinh
configure:11606: g++ -c -g -O2 -Wall -std=c++11  -I/home/alexrocrod/projeto/ORE-v1841-AADC/QuantLib conftest.cpp >&5
conftest.cpp: In function 'int main()':
conftest.cpp:27:8: warning: unused variable 'x' [-Wunused-variable]
   27 | double x = asinh(0.0);
      |        ^
configure:11606: $? = 0
configure:11607: result: yes
configure:11622: checking for Boost development files
configure:11638: g++ -c -g -O2 -Wall -std=c++11  -I/home/alexrocrod/projeto/ORE-v1841-AADC/QuantLib conftest.cpp >&5
configure:11638: $? = 0
configure:11639: result: yes
configure:11649: checking for Boost version >= 1.55
configure:11665: g++ -c -g -O2 -Wall -std=c++11  -I/home/alexrocrod/projeto/ORE-v1841-AADC/QuantLib conftest.cpp >&5
configure:11665: $? = 0
configure:11666: result: yes
configure:11676: checking for Boost::uBLAS support
configure:11691: g++ -c -g -O2 -Wall -std=c++11  -I/home/alexrocrod/projeto/ORE-v1841-AADC/QuantLib conftest.cpp >&5
configure:11691: $? = 0
configure:11692: result: yes
configure:11706: checking for Boost unit-test framework
configure:11737: g++ -o conftest -g -O2 -Wall -std=c++11  -I/home/alexrocrod/projeto/ORE-v1841-AADC/QuantLib  -L/home/alexrocrod/projeto/ORE-v1841-AADC/QuantLib/ql/.libs conftest.cpp  -lboost_unit_test_framework-gcc93 >&5
/usr/bin/ld: cannot find -lboost_unit_test_framework-gcc93
collect2: error: ld returned 1 exit status
configure:11737: $? = 1
configure: failed program was:
| /* confdefs.h */
| #define PACKAGE_NAME "QuantExt"
| #define PACKAGE_TARNAME "QuantExt"
| #define PACKAGE_VERSION "1.8.3"
| #define PACKAGE_STRING "QuantExt 1.8.3"
| #define PACKAGE_BUGREPORT "opensourcerisk.org/forum"
| #define PACKAGE_URL ""
| #define PACKAGE "QuantExt"
| #define VERSION "1.8.3"
| #define STDC_HEADERS 1
| #define HAVE_SYS_TYPES_H 1
| #define HAVE_SYS_STAT_H 1
| #define HAVE_STDLIB_H 1
| #define HAVE_STRING_H 1
| #define HAVE_MEMORY_H 1
| #define HAVE_STRINGS_H 1
| #define HAVE_INTTYPES_H 1
| #define HAVE_STDINT_H 1
| #define HAVE_UNISTD_H 1
| #define HAVE_DLFCN_H 1
| #define LT_OBJDIR ".libs/"
| #define QL_HAVE_ASINH /**/
| /* end confdefs.h.  */
| #include <boost/test/unit_test.hpp>
|           using namespace boost::unit_test_framework;
|           test_suite*
|           init_unit_test_suite(int argc, char** argv)
|           {
|               return (test_suite*) 0;
|           }
| 
configure:11758: g++ -o conftest -g -O2 -Wall -std=c++11 -DBOOST_TEST_MAIN -DBOOST_TEST_DYN_LINK  -I/home/alexrocrod/projeto/ORE-v1841-AADC/QuantLib  -L/home/alexrocrod/projeto/ORE-v1841-AADC/QuantLib/ql/.libs conftest.cpp  -lboost_unit_test_framework-gcc93 >&5
/usr/bin/ld: cannot find -lboost_unit_test_framework-gcc93
collect2: error: ld returned 1 exit status
configure:11758: $? = 1
configure: failed program was:
| /* confdefs.h */
| #define PACKAGE_NAME "QuantExt"
| #define PACKAGE_TARNAME "QuantExt"
| #define PACKAGE_VERSION "1.8.3"
| #define PACKAGE_STRING "QuantExt 1.8.3"
| #define PACKAGE_BUGREPORT "opensourcerisk.org/forum"
| #define PACKAGE_URL ""
| #define PACKAGE "QuantExt"
| #define VERSION "1.8.3"
| #define STDC_HEADERS 1
| #define HAVE_SYS_TYPES_H 1
| #define HAVE_SYS_STAT_H 1
| #define HAVE_STDLIB_H 1
| #define HAVE_STRING_H 1
| #define HAVE_MEMORY_H 1
| #define HAVE_STRINGS_H 1
| #define HAVE_INTTYPES_H 1
| #define HAVE_STDINT_H 1
| #define HAVE_UNISTD_H 1
| #define HAVE_DLFCN_H 1
| #define LT_OBJDIR ".libs/"
| #define QL_HAVE_ASINH /**/
| /* end confdefs.h.  */
| #include <boost/test/unit_test.hpp>
|           using namespace boost::unit_test_framework;
|           test_suite*
|           init_unit_test_suite(int argc, char** argv)
|           {
|               return (test_suite*) 0;
|           }
| 
configure:11737: g++ -o conftest -g -O2 -Wall -std=c++11  -I/home/alexrocrod/projeto/ORE-v1841-AADC/QuantLib  -L/home/alexrocrod/projeto/ORE-v1841-AADC/QuantLib/ql/.libs conftest.cpp  -lboost_unit_test_framework-gcc >&5
/usr/bin/ld: cannot find -lboost_unit_test_framework-gcc
collect2: error: ld returned 1 exit status
configure:11737: $? = 1
configure: failed program was:
| /* confdefs.h */
| #define PACKAGE_NAME "QuantExt"
| #define PACKAGE_TARNAME "QuantExt"
| #define PACKAGE_VERSION "1.8.3"
| #define PACKAGE_STRING "QuantExt 1.8.3"
| #define PACKAGE_BUGREPORT "opensourcerisk.org/forum"
| #define PACKAGE_URL ""
| #define PACKAGE "QuantExt"
| #define VERSION "1.8.3"
| #define STDC_HEADERS 1
| #define HAVE_SYS_TYPES_H 1
| #define HAVE_SYS_STAT_H 1
| #define HAVE_STDLIB_H 1
| #define HAVE_STRING_H 1
| #define HAVE_MEMORY_H 1
| #define HAVE_STRINGS_H 1
| #define HAVE_INTTYPES_H 1
| #define HAVE_STDINT_H 1
| #define HAVE_UNISTD_H 1
| #define HAVE_DLFCN_H 1
| #define LT_OBJDIR ".libs/"
| #define QL_HAVE_ASINH /**/
| /* end confdefs.h.  */
| #include <boost/test/unit_test.hpp>
|           using namespace boost::unit_test_framework;
|           test_suite*
|           init_unit_test_suite(int argc, char** argv)
|           {
|               return (test_suite*) 0;
|           }
| 
configure:11758: g++ -o conftest -g -O2 -Wall -std=c++11 -DBOOST_TEST_MAIN -DBOOST_TEST_DYN_LINK  -I/home/alexrocrod/projeto/ORE-v1841-AADC/QuantLib  -L/home/alexrocrod/projeto/ORE-v1841-AADC/QuantLib/ql/.libs conftest.cpp  -lboost_unit_test_framework-gcc >&5
/usr/bin/ld: cannot find -lboost_unit_test_framework-gcc
collect2: error: ld returned 1 exit status
configure:11758: $? = 1
configure: failed program was:
| /* confdefs.h */
| #define PACKAGE_NAME "QuantExt"
| #define PACKAGE_TARNAME "QuantExt"
| #define PACKAGE_VERSION "1.8.3"
| #define PACKAGE_STRING "QuantExt 1.8.3"
| #define PACKAGE_BUGREPORT "opensourcerisk.org/forum"
| #define PACKAGE_URL ""
| #define PACKAGE "QuantExt"
| #define VERSION "1.8.3"
| #define STDC_HEADERS 1
| #define HAVE_SYS_TYPES_H 1
| #define HAVE_SYS_STAT_H 1
| #define HAVE_STDLIB_H 1
| #define HAVE_STRING_H 1
| #define HAVE_MEMORY_H 1
| #define HAVE_STRINGS_H 1
| #define HAVE_INTTYPES_H 1
| #define HAVE_STDINT_H 1
| #define HAVE_UNISTD_H 1
| #define HAVE_DLFCN_H 1
| #define LT_OBJDIR ".libs/"
| #define QL_HAVE_ASINH /**/
| /* end confdefs.h.  */
| #include <boost/test/unit_test.hpp>
|           using namespace boost::unit_test_framework;
|           test_suite*
|           init_unit_test_suite(int argc, char** argv)
|           {
|               return (test_suite*) 0;
|           }
| 
configure:11737: g++ -o conftest -g -O2 -Wall -std=c++11  -I/home/alexrocrod/projeto/ORE-v1841-AADC/QuantLib  -L/home/alexrocrod/projeto/ORE-v1841-AADC/QuantLib/ql/.libs conftest.cpp  -lboost_unit_test_framework >&5
/usr/bin/ld: /usr/lib/gcc/x86_64-linux-gnu/9/../../../x86_64-linux-gnu/Scrt1.o: in function `_start':
(.text+0x24): undefined reference to `main'
collect2: error: ld returned 1 exit status
configure:11737: $? = 1
configure: failed program was:
| /* confdefs.h */
| #define PACKAGE_NAME "QuantExt"
| #define PACKAGE_TARNAME "QuantExt"
| #define PACKAGE_VERSION "1.8.3"
| #define PACKAGE_STRING "QuantExt 1.8.3"
| #define PACKAGE_BUGREPORT "opensourcerisk.org/forum"
| #define PACKAGE_URL ""
| #define PACKAGE "QuantExt"
| #define VERSION "1.8.3"
| #define STDC_HEADERS 1
| #define HAVE_SYS_TYPES_H 1
| #define HAVE_SYS_STAT_H 1
| #define HAVE_STDLIB_H 1
| #define HAVE_STRING_H 1
| #define HAVE_MEMORY_H 1
| #define HAVE_STRINGS_H 1
| #define HAVE_INTTYPES_H 1
| #define HAVE_STDINT_H 1
| #define HAVE_UNISTD_H 1
| #define HAVE_DLFCN_H 1
| #define LT_OBJDIR ".libs/"
| #define QL_HAVE_ASINH /**/
| /* end confdefs.h.  */
| #include <boost/test/unit_test.hpp>
|           using namespace boost::unit_test_framework;
|           test_suite*
|           init_unit_test_suite(int argc, char** argv)
|           {
|               return (test_suite*) 0;
|           }
| 
configure:11758: g++ -o conftest -g -O2 -Wall -std=c++11 -DBOOST_TEST_MAIN -DBOOST_TEST_DYN_LINK  -I/home/alexrocrod/projeto/ORE-v1841-AADC/QuantLib  -L/home/alexrocrod/projeto/ORE-v1841-AADC/QuantLib/ql/.libs conftest.cpp  -lboost_unit_test_framework >&5
configure:11758: $? = 0
configure:11780: result: yes
configure:11788: checking whether Boost unit-test streams work
configure:11803: g++ -c -g -O2 -Wall -std=c++11  -I/home/alexrocrod/projeto/ORE-v1841-AADC/QuantLib conftest.cpp >&5
configure:11803: $? = 0
configure:11804: result: yes
configure:11836: checking long long support
configure:11851: g++ -c -g -O2 -Wall -std=c++11  -I/home/alexrocrod/projeto/ORE-v1841-AADC/QuantLib conftest.cpp >&5
conftest.cpp: In function 'int main()':
conftest.cpp:28:11: warning: unused variable 'i' [-Wunused-variable]
   28 | long long i;
      |           ^
conftest.cpp:29:25: warning: unused variable 'j' [-Wunused-variable]
   29 |      unsigned long long j;
      |                         ^
configure:11851: $? = 0
configure:11852: result: yes
configure:11874: checking for emacs
configure:11904: result: no
configure:11874: checking for xemacs
configure:11904: result: no
configure:11925: checking where .elc files should go
configure:11954: result: ${datadir}/emacs/site-lisp
configure:11974: checking for doxygen
configure:12007: result: no
configure:12014: checking for sed
configure:12044: result: /usr/bin/sed
configure:12054: checking for latex
configure:12087: result: no
configure:12094: checking for pdflatex
configure:12127: result: no
configure:12134: checking for makeindex
configure:12167: result: no
configure:12174: checking for dvips
configure:12207: result: no
configure:12333: checking that generated files are newer than configure
configure:12339: result: done
configure:12378: creating ./config.status

## ---------------------- ##
## Running config.status. ##
## ---------------------- ##

This file was extended by QuantExt config.status 1.8.3, which was
generated by GNU Autoconf 2.69.  Invocation command line was

  CONFIG_FILES    = 
  CONFIG_HEADERS  = 
  CONFIG_LINKS    = 
  CONFIG_COMMANDS = 
  $ ./config.status 

on dev.matlogica.com

config.status:1183: creating Makefile
config.status:1183: creating qle/Makefile
config.status:1183: creating qle/calendars/Makefile
config.status:1183: creating qle/cashflows/Makefile
config.status:1183: creating qle/currencies/Makefile
config.status:1183: creating qle/indexes/Makefile
config.status:1183: creating qle/indexes/ibor/Makefile
config.status:1183: creating qle/instruments/Makefile
config.status:1183: creating qle/math/Makefile
config.status:1183: creating qle/methods/Makefile
config.status:1183: creating qle/models/Makefile
config.status:1183: creating qle/pricingengines/Makefile
config.status:1183: creating qle/processes/Makefile
config.status:1183: creating qle/termstructures/Makefile
config.status:1183: creating qle/quotes/Makefile
config.status:1183: creating qle/time/Makefile
config.status:1183: creating m4/Makefile
config.status:1183: creating doc/Makefile
config.status:1183: creating test/Makefile
config.status:1183: creating qle/config.hpp
config.status:1412: executing depfiles commands
config.status:1489: cd qle/calendars       && sed -e '/# am--include-marker/d' Makefile         | make -f - am--depfiles
config.status:1494: $? = 0
config.status:1489: cd qle/cashflows       && sed -e '/# am--include-marker/d' Makefile         | make -f - am--depfiles
config.status:1494: $? = 0
config.status:1489: cd qle/currencies       && sed -e '/# am--include-marker/d' Makefile         | make -f - am--depfiles
config.status:1494: $? = 0
config.status:1489: cd qle/indexes       && sed -e '/# am--include-marker/d' Makefile         | make -f - am--depfiles
config.status:1494: $? = 0
config.status:1489: cd qle/indexes/ibor       && sed -e '/# am--include-marker/d' Makefile         | make -f - am--depfiles
config.status:1494: $? = 0
config.status:1489: cd qle/instruments       && sed -e '/# am--include-marker/d' Makefile         | make -f - am--depfiles
config.status:1494: $? = 0
config.status:1489: cd qle/math       && sed -e '/# am--include-marker/d' Makefile         | make -f - am--depfiles
config.status:1494: $? = 0
config.status:1489: cd qle/methods       && sed -e '/# am--include-marker/d' Makefile         | make -f - am--depfiles
config.status:1494: $? = 0
config.status:1489: cd qle/models       && sed -e '/# am--include-marker/d' Makefile         | make -f - am--depfiles
config.status:1494: $? = 0
config.status:1489: cd qle/pricingengines       && sed -e '/# am--include-marker/d' Makefile         | make -f - am--depfiles
config.status:1494: $? = 0
config.status:1489: cd qle/processes       && sed -e '/# am--include-marker/d' Makefile         | make -f - am--depfiles
config.status:1494: $? = 0
config.status:1489: cd qle/termstructures       && sed -e '/# am--include-marker/d' Makefile         | make -f - am--depfiles
config.status:1494: $? = 0
config.status:1489: cd qle/quotes       && sed -e '/# am--include-marker/d' Makefile         | make -f - am--depfiles
config.status:1494: $? = 0
config.status:1489: cd qle/time       && sed -e '/# am--include-marker/d' Makefile         | make -f - am--depfiles
config.status:1494: $? = 0
config.status:1489: cd test       && sed -e '/# am--include-marker/d' Makefile         | make -f - am--depfiles
config.status:1494: $? = 0
config.status:1412: executing libtool commands

## ---------------- ##
## Cache variables. ##
## ---------------- ##

ac_cv_build=x86_64-pc-linux-gnu
ac_cv_c_compiler_gnu=yes
ac_cv_cxx_compiler_gnu=yes
ac_cv_env_CCC_set=
ac_cv_env_CCC_value=
ac_cv_env_CC_set=
ac_cv_env_CC_value=
ac_cv_env_CFLAGS_set=
ac_cv_env_CFLAGS_value=
ac_cv_env_CPPFLAGS_set=
ac_cv_env_CPPFLAGS_value=
ac_cv_env_CPP_set=
ac_cv_env_CPP_value=
ac_cv_env_CXXCPP_set=
ac_cv_env_CXXCPP_value=
ac_cv_env_CXXFLAGS_set=
ac_cv_env_CXXFLAGS_value=
ac_cv_env_CXX_set=
ac_cv_env_CXX_value=
ac_cv_env_EMACSLOADPATH_set=
ac_cv_env_EMACSLOADPATH_value=
ac_cv_env_EMACS_set=
ac_cv_env_EMACS_value=
ac_cv_env_LDFLAGS_set=
ac_cv_env_LDFLAGS_value=
ac_cv_env_LIBS_set=
ac_cv_env_LIBS_value=
ac_cv_env_LT_SYS_LIBRARY_PATH_set=
ac_cv_env_LT_SYS_LIBRARY_PATH_value=
ac_cv_env_build_alias_set=
ac_cv_env_build_alias_value=
ac_cv_env_host_alias_set=
ac_cv_env_host_alias_value=
ac_cv_env_target_alias_set=
ac_cv_env_target_alias_value=
ac_cv_header_dlfcn_h=yes
ac_cv_header_inttypes_h=yes
ac_cv_header_memory_h=yes
ac_cv_header_stdc=yes
ac_cv_header_stdint_h=yes
ac_cv_header_stdlib_h=yes
ac_cv_header_string_h=yes
ac_cv_header_strings_h=yes
ac_cv_header_sys_stat_h=yes
ac_cv_header_sys_types_h=yes
ac_cv_header_unistd_h=yes
ac_cv_host=x86_64-pc-linux-gnu
ac_cv_objext=o
ac_cv_path_EGREP='/usr/bin/grep -E'
ac_cv_path_FGREP='/usr/bin/grep -F'
ac_cv_path_GREP=/usr/bin/grep
ac_cv_path_SED=/usr/bin/sed
ac_cv_path_install='/usr/bin/install -c'
ac_cv_path_lt_DD=/usr/bin/dd
ac_cv_path_mkdir=/usr/bin/mkdir
ac_cv_prog_AWK=gawk
ac_cv_prog_CPP='gcc -E'
ac_cv_prog_CXXCPP='g++ -E'
ac_cv_prog_ac_ct_AR=ar
ac_cv_prog_ac_ct_CC=gcc
ac_cv_prog_ac_ct_CXX=g++
ac_cv_prog_ac_ct_MANIFEST_TOOL=mt
ac_cv_prog_ac_ct_OBJDUMP=objdump
ac_cv_prog_ac_ct_RANLIB=ranlib
ac_cv_prog_ac_ct_STRIP=strip
ac_cv_prog_cc_c89=
ac_cv_prog_cc_g=yes
ac_cv_prog_cxx_g=yes
ac_cv_prog_make_make_set=yes
am_cv_CC_dependencies_compiler_type=gcc3
am_cv_CXX_dependencies_compiler_type=gcc3
am_cv_lispdir='${datadir}/emacs/site-lisp'
am_cv_make_support_nested_variables=yes
am_cv_prog_cc_c_o=yes
lt_cv_ar_at_file=@
lt_cv_archive_cmds_need_lc=no
lt_cv_deplibs_check_method=pass_all
lt_cv_file_magic_cmd='$MAGIC_CMD'
lt_cv_file_magic_test_file=
lt_cv_ld_reload_flag=-r
lt_cv_nm_interface='BSD nm'
lt_cv_objdir=.libs
lt_cv_path_LD=/usr/bin/ld
lt_cv_path_LDCXX='/usr/bin/ld -m elf_x86_64'
lt_cv_path_NM='/usr/bin/nm -B'
lt_cv_path_mainfest_tool=no
lt_cv_prog_compiler_c_o=yes
lt_cv_prog_compiler_c_o_CXX=yes
lt_cv_prog_compiler_pic='-fPIC -DPIC'
lt_cv_prog_compiler_pic_CXX='-fPIC -DPIC'
lt_cv_prog_compiler_pic_works=yes
lt_cv_prog_compiler_pic_works_CXX=yes
lt_cv_prog_compiler_rtti_exceptions=no
lt_cv_prog_compiler_static_works=yes
lt_cv_prog_compiler_static_works_CXX=yes
lt_cv_prog_gnu_ld=yes
lt_cv_prog_gnu_ldcxx=yes
lt_cv_sharedlib_from_linklib_cmd='printf %s\n'
lt_cv_shlibpath_overrides_runpath=yes
lt_cv_sys_global_symbol_pipe='sed -n -e '\''s/^.*[	 ]\([ABCDGIRSTW][ABCDGIRSTW]*\)[	 ][	 ]*\([_A-Za-z][_A-Za-z0-9]*\)$/\1 \2 \2/p'\'' | sed '\''/ __gnu_lto/d'\'''
lt_cv_sys_global_symbol_to_c_name_address='sed -n -e '\''s/^: \(.*\) .*$/  {"\1", (void *) 0},/p'\'' -e '\''s/^[ABCDGIRSTW][ABCDGIRSTW]* .* \(.*\)$/  {"\1", (void *) \&\1},/p'\'''
lt_cv_sys_global_symbol_to_c_name_address_lib_prefix='sed -n -e '\''s/^: \(.*\) .*$/  {"\1", (void *) 0},/p'\'' -e '\''s/^[ABCDGIRSTW][ABCDGIRSTW]* .* \(lib.*\)$/  {"\1", (void *) \&\1},/p'\'' -e '\''s/^[ABCDGIRSTW][ABCDGIRSTW]* .* \(.*\)$/  {"lib\1", (void *) \&\1},/p'\'''
lt_cv_sys_global_symbol_to_cdecl='sed -n -e '\''s/^T .* \(.*\)$/extern int \1();/p'\'' -e '\''s/^[ABCDGIRSTW][ABCDGIRSTW]* .* \(.*\)$/extern char \1;/p'\'''
lt_cv_sys_global_symbol_to_import=
lt_cv_sys_max_cmd_len=1572864
lt_cv_to_host_file_cmd=func_convert_file_noop
lt_cv_to_tool_file_cmd=func_convert_file_noop
lt_cv_truncate_bin='/usr/bin/dd bs=4096 count=1'

## ----------------- ##
## Output variables. ##
## ----------------- ##

ACLOCAL='${SHELL} /home/alexrocrod/projeto/ORE-v1841-AADC/QuantExt/config/missing aclocal-1.16'
AMDEPBACKSLASH='\'
AMDEP_FALSE='#'
AMDEP_TRUE=''
AMTAR='$${TAR-tar}'
AM_BACKSLASH='\'
AM_DEFAULT_V='$(AM_DEFAULT_VERBOSITY)'
AM_DEFAULT_VERBOSITY='1'
AM_V='$(V)'
AR='ar'
AUTOCONF='${SHELL} /home/alexrocrod/projeto/ORE-v1841-AADC/QuantExt/config/missing autoconf'
AUTOHEADER='${SHELL} /home/alexrocrod/projeto/ORE-v1841-AADC/QuantExt/config/missing autoheader'
AUTOMAKE='${SHELL} /home/alexrocrod/projeto/ORE-v1841-AADC/QuantExt/config/missing automake-1.16'
AWK='gawk'
BOOST_INCLUDE=''
BOOST_LIB=''
BOOST_UNIT_TEST_DEFINE='-DQL_WORKING_BOOST_STREAMS'
BOOST_UNIT_TEST_FOUND_FALSE='#'
BOOST_UNIT_TEST_FOUND_TRUE=''
BOOST_UNIT_TEST_LIB='boost_unit_test_framework'
BOOST_UNIT_TEST_MAIN_CXXFLAGS='-DBOOST_TEST_DYN_LINK'
CC='gcc'
CCDEPMODE='depmode=gcc3'
CFLAGS='-g -O2'
CPP='gcc -E'
CPPFLAGS=' -I/home/alexrocrod/projeto/ORE-v1841-AADC/QuantLib'
CXX='g++'
CXXCPP='g++ -E'
CXXDEPMODE='depmode=gcc3'
CXXFLAGS='-g -O2 -Wall -std=c++11'
CYGPATH_W='echo'
DEFS='-DHAVE_CONFIG_H'
DEPDIR='.deps'
DLLTOOL='false'
DOXYGEN=''
DSYMUTIL=''
DUMPBIN=''
DVIPS=''
ECHO_C=''
ECHO_N='-n'
ECHO_T=''
EGREP='/usr/bin/grep -E'
EMACS='no'
EMACSLOADPATH=''
EMACS_FOUND_FALSE=''
EMACS_FOUND_TRUE='#'
ENABLE_STATIC_FALSE='#'
ENABLE_STATIC_TRUE=''
EXEEXT=''
FGREP='/usr/bin/grep -F'
GREP='/usr/bin/grep'
INSTALL_DATA='${INSTALL} -m 644'
INSTALL_PROGRAM='${INSTALL}'
INSTALL_SCRIPT='${INSTALL}'
INSTALL_STRIP_PROGRAM='$(install_sh) -c -s'
LATEX=''
LD='/usr/bin/ld -m elf_x86_64'
LDFLAGS=' -L/home/alexrocrod/projeto/ORE-v1841-AADC/QuantLib/ql/.libs'
LIBOBJS=''
LIBS=''
LIBTOOL='$(SHELL) $(top_builddir)/libtool'
LIPO=''
LN_S='ln -s'
LTLIBOBJS=''
LT_SYS_LIBRARY_PATH=''
MAKEINDEX=''
MAKEINFO='${SHELL} /home/alexrocrod/projeto/ORE-v1841-AADC/QuantExt/config/missing makeinfo'
MANIFEST_TOOL=':'
MKDIR_P='/usr/bin/mkdir -p'
NM='/usr/bin/nm -B'
NMEDIT=''
OBJDUMP='objdump'
OBJEXT='o'
OPENMP_CXXFLAGS=''
OTOOL64=''
OTOOL=''
PACKAGE='QuantExt'
PACKAGE_BUGREPORT='opensourcerisk.org/forum'
PACKAGE_NAME='QuantExt'
PACKAGE_STRING='QuantExt 1.8.3'
PACKAGE_TARNAME='QuantExt'
PACKAGE_URL=''
PACKAGE_VERSION='1.8.3'
PATH_SEPARATOR=':'
PDFLATEX=''
RANLIB='ranlib'
SED='/usr/bin/sed'
SET_MAKE=''
SHELL='/bin/bash'
STRIP='strip'
VERSION='1.8.3'
ac_ct_AR='ar'
ac_ct_CC='gcc'
ac_ct_CXX='g++'
ac_ct_DUMPBIN=''
am__EXEEXT_FALSE=''
am__EXEEXT_TRUE='#'
am__fastdepCC_FALSE='#'
am__fastdepCC_TRUE=''
am__fastdepCXX_FALSE='#'
am__fastdepCXX_TRUE=''
am__include='include'
am__isrc=''
am__leading_dot='.'
am__nodep='_no'
am__quote=''
am__tar='$${TAR-tar} chof - "$$tardir"'
am__untar='$${TAR-tar} xf -'
bindir='${exec_prefix}/bin'
build='x86_64-pc-linux-gnu'
build_alias=''
build_cpu='x86_64'
build_os='linux-gnu'
build_vendor='pc'
datadir='${datarootdir}'
datarootdir='${prefix}/share'
docdir='${datarootdir}/doc/${PACKAGE_TARNAME}'
dvidir='${docdir}'
exec_prefix='${prefix}'
host='x86_64-pc-linux-gnu'
host_alias=''
host_cpu='x86_64'
host_os='linux-gnu'
host_vendor='pc'
htmldir='${docdir}'
includedir='${prefix}/include'
infodir='${datarootdir}/info'
install_sh='${SHELL} /home/alexrocrod/projeto/ORE-v1841-AADC/QuantExt/config/install-sh'
libdir='${exec_prefix}/lib'
libexecdir='${exec_prefix}/libexec'
lispdir='${datadir}/emacs/site-lisp'
localedir='${datarootdir}/locale'
localstatedir='${prefix}/var'
mandir='${datarootdir}/man'
mkdir_p='$(MKDIR_P)'
oldincludedir='/usr/include'
pdfdir='${docdir}'
prefix='/usr/local'
program_transform_name='s,x,x,'
psdir='${docdir}'
runstatedir='${localstatedir}/run'
sbindir='${exec_prefix}/sbin'
sharedstatedir='${prefix}/com'
sysconfdir='${prefix}/etc'
target_alias=''

## ----------- ##
## confdefs.h. ##
## ----------- ##

/* confdefs.h */
#define PACKAGE_NAME "QuantExt"
#define PACKAGE_TARNAME "QuantExt"
#define PACKAGE_VERSION "1.8.3"
#define PACKAGE_STRING "QuantExt 1.8.3"
#define PACKAGE_BUGREPORT "opensourcerisk.org/forum"
#define PACKAGE_URL ""
#define PACKAGE "QuantExt"
#define VERSION "1.8.3"
#define STDC_HEADERS 1
#define HAVE_SYS_TYPES_H 1
#define HAVE_SYS_STAT_H 1
#define HAVE_STDLIB_H 1
#define HAVE_STRING_H 1
#define HAVE_MEMORY_H 1
#define HAVE_STRINGS_H 1
#define HAVE_INTTYPES_H 1
#define HAVE_STDINT_H 1
#define HAVE_UNISTD_H 1
#define HAVE_DLFCN_H 1
#define LT_OBJDIR ".libs/"
#define QL_HAVE_ASINH /**/
#define QL_HAVE_LONG_LONG /**/

configure: exit 0
